c:\stuff\robots\interactcalib2\x64\debug\vc141.pdb
c:\stuff\robots\interactcalib2\x64\debug\vc141.idb
c:\stuff\robots\interactcalib2\x64\debug\calibcontrol.sbr
c:\stuff\robots\interactcalib2\x64\debug\calibpipeline.sbr
c:\stuff\robots\interactcalib2\x64\debug\frameproc.sbr
c:\stuff\robots\interactcalib2\x64\debug\main.sbr
c:\stuff\robots\interactcalib2\x64\debug\paramscontrol.sbr
c:\stuff\robots\interactcalib2\x64\debug\rotationconverters.sbr
c:\stuff\robots\interactcalib2\x64\debug\rotationconverters.obj
c:\stuff\robots\interactcalib2\x64\debug\paramscontrol.obj
c:\stuff\robots\interactcalib2\x64\debug\main.obj
c:\stuff\robots\interactcalib2\x64\debug\frameproc.obj
c:\stuff\robots\interactcalib2\x64\debug\calibpipeline.obj
c:\stuff\robots\interactcalib2\x64\debug\calibcontrol.obj
c:\stuff\robots\x64\debug\interactcalib2.exe
c:\stuff\robots\x64\debug\interactcalib2.ilk
c:\stuff\robots\x64\debug\interactcalib2.pdb
c:\stuff\robots\x64\debug\interactcalib2.bsc
c:\stuff\robots\interactcalib2\x64\debug\interactcalib2.tlog\bscmake.command.1.tlog
c:\stuff\robots\interactcalib2\x64\debug\interactcalib2.tlog\bscmake.read.1.tlog
c:\stuff\robots\interactcalib2\x64\debug\interactcalib2.tlog\cl.command.1.tlog
c:\stuff\robots\interactcalib2\x64\debug\interactcalib2.tlog\cl.read.1.tlog
c:\stuff\robots\interactcalib2\x64\debug\interactcalib2.tlog\cl.write.1.tlog
c:\stuff\robots\interactcalib2\x64\debug\interactcalib2.tlog\link.command.1.tlog
c:\stuff\robots\interactcalib2\x64\debug\interactcalib2.tlog\link.read.1.tlog
c:\stuff\robots\interactcalib2\x64\debug\interactcalib2.tlog\link.write.1.tlog
